2026-07-08 22:48:59,663 INFO Loaded 26011 betting-line rows from C:\code\baseball\data\processed\betting_lines
2026-07-08 22:49:18,121 INFO Warming player-sequence disk cache at C:\code\baseball\data\processed\sequence_cache
2026-07-08 22:50:41,205 INFO Cache warm took 83.1s (computed 0 new pitcher + 0 new batter sequences)
C:\code\baseball\.venv\Lib\site-packages\torch\nn\modules\transformer.py:529: UserWarning: The PyTorch API of nested tensors is in prototype stage and will change in the near future. We recommend specifying layout=torch.jagged when constructing a nested tensor, as this layout receives active development, has better operator coverage, and works with torch.compile. (Triggered internally at C:\actions-runner\_work\pytorch\pytorch\aten\src\ATen\NestedTensorImpl.cpp:182.)
  output = torch._nested_tensor_from_mask(
2026-07-08 22:51:09,776 INFO Warming player-sequence disk cache at C:\code\baseball\data\processed\sequence_cache
2026-07-08 22:52:42,702 INFO Cache warm took 92.9s (computed 0 new pitcher + 0 new batter sequences)
2026-07-08 22:53:06,145 INFO fold 0: train 2015-2019, val 2020-2020, test 2021-2021: 2332/2466 test games matched to betting_lines
2026-07-08 22:53:06,874 INFO === fold 0: train 2015-2019, val 2020-2020, test 2021-2021 betting results ===
 fold test_seasons                                 method  edge_threshold  n_candidates  n_bets  total_staked  total_profit       roi  roi_ci_lo  roi_ci_hi  roi_significant_positive  roi_significant_negative  mean_clv  clv_ci_lo  clv_ci_hi  clv_significant_positive  clv_significant_negative
    0    2021-2021                          GamePredictor            0.01          2332    2096        2096.0    -23.929060 -0.011417  -0.061842   0.036884                     False                     False  0.008788   0.006926   0.010546                      True                     False
    0    2021-2021                          GamePredictor            0.02          2332    1854        1854.0     -9.768484 -0.005269  -0.055250   0.049275                     False                     False  0.009499   0.007548   0.011554                      True                     False
    0    2021-2021                          GamePredictor            0.03          2332    1612        1612.0     -7.779422 -0.004826  -0.062271   0.051254                     False                     False  0.010764   0.008563   0.012831                      True                     False
    0    2021-2021                          GamePredictor            0.05          2332    1218        1218.0     19.419536  0.015944  -0.054047   0.080654                     False                     False  0.013459   0.010938   0.016008                      True                     False
    0    2021-2021                          GamePredictor            0.08          2332     680         680.0     53.800729  0.079119  -0.014577   0.172739                     False                     False  0.019923   0.016085   0.024465                      True                     False
    0    2021-2021   Logistic regression (ERA/wRC+ proxy)            0.01          2332    2143        2143.0    -26.962369 -0.012582  -0.056626   0.034313                     False                     False  0.005653   0.003958   0.007404                      True                     False
    0    2021-2021   Logistic regression (ERA/wRC+ proxy)            0.02          2332    1975        1975.0     -8.937366 -0.004525  -0.055116   0.045817                     False                     False  0.005951   0.004008   0.007755                      True                     False
    0    2021-2021   Logistic regression (ERA/wRC+ proxy)            0.03          2332    1775        1775.0    -14.223033 -0.008013  -0.063754   0.045067                     False                     False  0.006183   0.004284   0.008386                      True                     False
    0    2021-2021   Logistic regression (ERA/wRC+ proxy)            0.05          2332    1403        1403.0    -36.578206 -0.026071  -0.086978   0.037328                     False                     False  0.007027   0.004760   0.009289                      True                     False
    0    2021-2021   Logistic regression (ERA/wRC+ proxy)            0.08          2332     920         920.0    -19.407530 -0.021095  -0.093026   0.064996                     False                     False  0.009640   0.006373   0.013182                      True                     False
    0    2021-2021 Ensemble (stacked logistic regression)            0.01          2332    2114        2114.0    -27.504375 -0.013011  -0.060766   0.035784                     False                     False  0.006652   0.004888   0.008409                      True                     False
    0    2021-2021 Ensemble (stacked logistic regression)            0.02          2332    1931        1931.0    -53.174685 -0.027537  -0.079538   0.025048                     False                     False  0.007296   0.005486   0.009241                      True                     False
    0    2021-2021 Ensemble (stacked logistic regression)            0.03          2332    1740        1740.0    -40.555942 -0.023308  -0.078602   0.036998                     False                     False  0.007942   0.005887   0.010223                      True                     False
    0    2021-2021 Ensemble (stacked logistic regression)            0.05          2332    1355        1355.0      5.847381  0.004315  -0.062367   0.071397                     False                     False  0.009850   0.007311   0.012392                      True                     False
    0    2021-2021 Ensemble (stacked logistic regression)            0.08          2332     812         812.0      3.988470  0.004912  -0.081256   0.094050                     False                     False  0.012364   0.008898   0.016032                      True                     False
2026-07-08 22:53:25,291 INFO Warming player-sequence disk cache at C:\code\baseball\data\processed\sequence_cache
2026-07-08 22:54:57,911 INFO Cache warm took 92.6s (computed 0 new pitcher + 0 new batter sequences)
2026-07-08 22:55:36,486 INFO Warming player-sequence disk cache at C:\code\baseball\data\processed\sequence_cache
2026-07-08 22:57:06,087 INFO Cache warm took 89.6s (computed 0 new pitcher + 0 new batter sequences)
2026-07-08 22:57:28,714 INFO fold 1: train 2016-2020, val 2021-2021, test 2022-2022: 2312/2470 test games matched to betting_lines
2026-07-08 22:57:29,097 INFO === fold 1: train 2016-2020, val 2021-2021, test 2022-2022 betting results ===
 fold test_seasons                                 method  edge_threshold  n_candidates  n_bets  total_staked  total_profit       roi  roi_ci_lo  roi_ci_hi  roi_significant_positive  roi_significant_negative  mean_clv  clv_ci_lo  clv_ci_hi  clv_significant_positive  clv_significant_negative
    1    2022-2022                          GamePredictor            0.01          2312    2090        2090.0    -10.337401 -0.004946  -0.046592   0.043907                     False                     False  0.004971   0.003680   0.006195                      True                     False
    1    2022-2022                          GamePredictor            0.02          2312    1839        1839.0    -12.780318 -0.006950  -0.058309   0.044797                     False                     False  0.005427   0.004272   0.006645                      True                     False
    1    2022-2022                          GamePredictor            0.03          2312    1603        1603.0     13.990619  0.008728  -0.044204   0.063115                     False                     False  0.005896   0.004576   0.007270                      True                     False
    1    2022-2022                          GamePredictor            0.05          2312    1163        1163.0    -18.497122 -0.015905  -0.080414   0.053164                     False                     False  0.006892   0.005337   0.008362                      True                     False
    1    2022-2022                          GamePredictor            0.08          2312     689         689.0     -2.535622 -0.003680  -0.083522   0.088402                     False                     False  0.008386   0.006107   0.010437                      True                     False
    1    2022-2022   Logistic regression (ERA/wRC+ proxy)            0.01          2312    2101        2101.0    -27.986212 -0.013320  -0.063503   0.036024                     False                     False  0.001834   0.000604   0.003058                      True                     False
    1    2022-2022   Logistic regression (ERA/wRC+ proxy)            0.02          2312    1884        1884.0    -47.026420 -0.024961  -0.079809   0.024232                     False                     False  0.002113   0.000879   0.003428                      True                     False
    1    2022-2022   Logistic regression (ERA/wRC+ proxy)            0.03          2312    1688        1688.0    -42.949504 -0.025444  -0.089480   0.032003                     False                     False  0.002090   0.000733   0.003491                      True                     False
    1    2022-2022   Logistic regression (ERA/wRC+ proxy)            0.05          2312    1317        1317.0    -46.473209 -0.035287  -0.103176   0.032894                     False                     False  0.002381   0.000897   0.003893                      True                     False
    1    2022-2022   Logistic regression (ERA/wRC+ proxy)            0.08          2312     862         862.0    -19.936172 -0.023128  -0.108352   0.061659                     False                     False  0.003019   0.001287   0.004862                      True                     False
    1    2022-2022 Ensemble (stacked logistic regression)            0.01          2312    2068        2068.0    -18.409548 -0.008902  -0.058144   0.042803                     False                     False  0.004278   0.003127   0.005416                      True                     False
    1    2022-2022 Ensemble (stacked logistic regression)            0.02          2312    1804        1804.0      8.186707  0.004538  -0.052676   0.058789                     False                     False  0.004670   0.003479   0.005967                      True                     False
    1    2022-2022 Ensemble (stacked logistic regression)            0.03          2312    1562        1562.0    -23.866137 -0.015279  -0.078730   0.038226                     False                     False  0.005367   0.003984   0.006768                      True                     False
    1    2022-2022 Ensemble (stacked logistic regression)            0.05          2312    1130        1130.0    -20.609938 -0.018239  -0.088181   0.054615                     False                     False  0.005955   0.004263   0.007578                      True                     False
    1    2022-2022 Ensemble (stacked logistic regression)            0.08          2312     608         608.0    -11.273773 -0.018542  -0.128031   0.082677                     False                     False  0.008227   0.005809   0.010674                      True                     False
2026-07-08 22:57:51,694 INFO Warming player-sequence disk cache at C:\code\baseball\data\processed\sequence_cache
2026-07-08 22:59:26,241 INFO Cache warm took 94.5s (computed 0 new pitcher + 0 new batter sequences)
2026-07-08 23:00:05,421 INFO Warming player-sequence disk cache at C:\code\baseball\data\processed\sequence_cache
2026-07-08 23:01:46,240 INFO Cache warm took 100.8s (computed 0 new pitcher + 0 new batter sequences)
2026-07-08 23:02:07,620 INFO fold 2: train 2017-2021, val 2022-2022, test 2023-2023: 2385/2471 test games matched to betting_lines
2026-07-08 23:02:08,047 INFO === fold 2: train 2017-2021, val 2022-2022, test 2023-2023 betting results ===
 fold test_seasons                                 method  edge_threshold  n_candidates  n_bets  total_staked  total_profit       roi  roi_ci_lo  roi_ci_hi  roi_significant_positive  roi_significant_negative  mean_clv  clv_ci_lo  clv_ci_hi  clv_significant_positive  clv_significant_negative
    2    2023-2023                          GamePredictor            0.01          2385    2132        2132.0    -50.125809 -0.023511  -0.072789   0.023520                     False                     False  0.004562   0.003509   0.005661                      True                     False
    2    2023-2023                          GamePredictor            0.02          2385    1885        1885.0    -58.450808 -0.031008  -0.082734   0.018205                     False                     False  0.004650   0.003441   0.005924                      True                     False
    2    2023-2023                          GamePredictor            0.03          2385    1647        1647.0    -83.393029 -0.050633  -0.105368   0.005025                     False                     False  0.004964   0.003724   0.006264                      True                     False
    2    2023-2023                          GamePredictor            0.05          2385    1205        1205.0    -43.229700 -0.035875  -0.098961   0.031780                     False                     False  0.005959   0.004377   0.007483                      True                     False
    2    2023-2023                          GamePredictor            0.08          2385     677         677.0    -14.983188 -0.022132  -0.105365   0.062661                     False                     False  0.008036   0.006032   0.010209                      True                     False
    2    2023-2023   Logistic regression (ERA/wRC+ proxy)            0.01          2385    2128        2128.0    -58.480071 -0.027481  -0.073410   0.017992                     False                     False  0.001222   0.000081   0.002321                      True                     False
    2    2023-2023   Logistic regression (ERA/wRC+ proxy)            0.02          2385    1904        1904.0    -42.933653 -0.022549  -0.074696   0.029350                     False                     False  0.001249   0.000217   0.002414                      True                     False
    2    2023-2023   Logistic regression (ERA/wRC+ proxy)            0.03          2385    1690        1690.0    -39.198183 -0.023194  -0.077770   0.036514                     False                     False  0.001226  -0.000100   0.002549                     False                     False
    2    2023-2023   Logistic regression (ERA/wRC+ proxy)            0.05          2385    1278        1278.0    -61.057257 -0.047776  -0.116457   0.019398                     False                     False  0.000796  -0.000612   0.002362                     False                     False
    2    2023-2023   Logistic regression (ERA/wRC+ proxy)            0.08          2385     784         784.0    -52.409663 -0.066849  -0.144529   0.018942                     False                     False  0.001467  -0.000510   0.003397                     False                     False
    2    2023-2023 Ensemble (stacked logistic regression)            0.01          2385    2098        2098.0   -105.681625 -0.050373  -0.096243  -0.001336                     False                      True  0.003660   0.002593   0.004748                      True                     False
    2    2023-2023 Ensemble (stacked logistic regression)            0.02          2385    1808        1808.0    -68.933761 -0.038127  -0.092656   0.015596                     False                     False  0.004209   0.002914   0.005341                      True                     False
    2    2023-2023 Ensemble (stacked logistic regression)            0.03          2385    1548        1548.0    -61.240289 -0.039561  -0.096520   0.014607                     False                     False  0.004506   0.003199   0.005869                      True                     False
    2    2023-2023 Ensemble (stacked logistic regression)            0.05          2385    1075        1075.0    -22.997298 -0.021393  -0.084683   0.050832                     False                     False  0.005491   0.003848   0.007177                      True                     False
    2    2023-2023 Ensemble (stacked logistic regression)            0.08          2385     541         541.0    -17.833076 -0.032963  -0.136133   0.073586                     False                     False  0.007344   0.005075   0.009750                      True                     False
2026-07-08 23:02:26,596 INFO Warming player-sequence disk cache at C:\code\baseball\data\processed\sequence_cache
2026-07-08 23:03:54,974 INFO Cache warm took 88.4s (computed 0 new pitcher + 0 new batter sequences)
2026-07-08 23:04:33,130 INFO Warming player-sequence disk cache at C:\code\baseball\data\processed\sequence_cache
2026-07-08 23:05:52,441 INFO Cache warm took 79.3s (computed 0 new pitcher + 0 new batter sequences)
2026-07-08 23:06:14,235 INFO fold 3: train 2018-2022, val 2023-2023, test 2024-2024: 2413/2472 test games matched to betting_lines
2026-07-08 23:06:14,667 INFO === fold 3: train 2018-2022, val 2023-2023, test 2024-2024 betting results ===
 fold test_seasons                                 method  edge_threshold  n_candidates  n_bets  total_staked  total_profit       roi  roi_ci_lo  roi_ci_hi  roi_significant_positive  roi_significant_negative  mean_clv  clv_ci_lo  clv_ci_hi  clv_significant_positive  clv_significant_negative
    3    2024-2024                          GamePredictor            0.01          2413    2207        2207.0    -92.110948 -0.041736  -0.087204   0.007860                     False                     False  0.000328  -0.000965   0.001647                     False                     False
    3    2024-2024                          GamePredictor            0.02          2413    1984        1984.0    -85.032479 -0.042859  -0.095824   0.007979                     False                     False  0.000384  -0.000997   0.001736                     False                     False
    3    2024-2024                          GamePredictor            0.03          2413    1809        1809.0    -64.110924 -0.035440  -0.088125   0.019421                     False                     False  0.000024  -0.001492   0.001493                     False                     False
    3    2024-2024                          GamePredictor            0.05          2413    1443        1443.0    -61.579216 -0.042674  -0.105741   0.020010                     False                     False -0.000011  -0.001727   0.001613                     False                     False
    3    2024-2024                          GamePredictor            0.08          2413     945         945.0    -45.430000 -0.048074  -0.121895   0.034748                     False                     False -0.000203  -0.002373   0.001828                     False                     False
    3    2024-2024   Logistic regression (ERA/wRC+ proxy)            0.01          2413    2146        2146.0   -102.599101 -0.047809  -0.097173  -0.001422                     False                      True  0.003593   0.002287   0.004883                      True                     False
    3    2024-2024   Logistic regression (ERA/wRC+ proxy)            0.02          2413    1904        1904.0    -89.977372 -0.047257  -0.094992   0.003877                     False                     False  0.004018   0.002508   0.005525                      True                     False
    3    2024-2024   Logistic regression (ERA/wRC+ proxy)            0.03          2413    1665        1665.0    -85.246997 -0.051199  -0.106850  -0.002092                     False                      True  0.004357   0.002791   0.005928                      True                     False
    3    2024-2024   Logistic regression (ERA/wRC+ proxy)            0.05          2413    1216        1216.0    -87.328933 -0.071817  -0.142494  -0.008761                     False                      True  0.004578   0.002736   0.006283                      True                     False
    3    2024-2024   Logistic regression (ERA/wRC+ proxy)            0.08          2413     683         683.0    -16.824228 -0.024633  -0.120418   0.075623                     False                     False  0.006257   0.003911   0.008497                      True                     False
    3    2024-2024 Ensemble (stacked logistic regression)            0.01          2413    2153        2153.0    -85.439240 -0.039684  -0.086892   0.010994                     False                     False  0.002222   0.000906   0.003614                      True                     False
    3    2024-2024 Ensemble (stacked logistic regression)            0.02          2413    1907        1907.0    -79.010197 -0.041432  -0.094538   0.006995                     False                     False  0.002728   0.001244   0.004113                      True                     False
    3    2024-2024 Ensemble (stacked logistic regression)            0.03          2413    1702        1702.0    -74.444231 -0.043739  -0.102507   0.006950                     False                     False  0.002395   0.000845   0.003998                      True                     False
    3    2024-2024 Ensemble (stacked logistic regression)            0.05          2413    1278        1278.0    -69.998125 -0.054772  -0.126555   0.009959                     False                     False  0.002221   0.000474   0.003875                      True                     False
    3    2024-2024 Ensemble (stacked logistic regression)            0.08          2413     759         759.0    -59.242542 -0.078053  -0.169744   0.008006                     False                     False  0.002083   0.000020   0.004179                      True                     False
2026-07-08 23:06:33,234 INFO Warming player-sequence disk cache at C:\code\baseball\data\processed\sequence_cache
2026-07-08 23:07:51,702 INFO Cache warm took 78.5s (computed 0 new pitcher + 0 new batter sequences)
2026-07-08 23:08:29,800 INFO Warming player-sequence disk cache at C:\code\baseball\data\processed\sequence_cache
2026-07-08 23:09:40,691 INFO Cache warm took 70.9s (computed 0 new pitcher + 0 new batter sequences)
2026-07-08 23:10:02,574 INFO fold 4: train 2019-2023, val 2024-2024, test 2025-2025: 2414/2477 test games matched to betting_lines
2026-07-08 23:10:02,946 INFO === fold 4: train 2019-2023, val 2024-2024, test 2025-2025 betting results ===
 fold test_seasons                                 method  edge_threshold  n_candidates  n_bets  total_staked  total_profit       roi  roi_ci_lo  roi_ci_hi  roi_significant_positive  roi_significant_negative  mean_clv  clv_ci_lo  clv_ci_hi  clv_significant_positive  clv_significant_negative
    4    2025-2025                          GamePredictor            0.01          2414    2180        2180.0     16.870690  0.007739  -0.037071   0.053596                     False                     False  0.003737   0.002542   0.005139                      True                     False
    4    2025-2025                          GamePredictor            0.02          2414    1951        1951.0      5.236360  0.002684  -0.047121   0.051407                     False                     False  0.003819   0.002461   0.005119                      True                     False
    4    2025-2025                          GamePredictor            0.03          2414    1749        1749.0     -3.038672 -0.001737  -0.053943   0.047657                     False                     False  0.004008   0.002644   0.005406                      True                     False
    4    2025-2025                          GamePredictor            0.05          2414    1335        1335.0      3.620269  0.002712  -0.056615   0.064400                     False                     False  0.003807   0.002252   0.005427                      True                     False
    4    2025-2025                          GamePredictor            0.08          2414     791         791.0     27.115941  0.034281  -0.043458   0.123291                     False                     False  0.004950   0.002908   0.007109                      True                     False
    4    2025-2025   Logistic regression (ERA/wRC+ proxy)            0.01          2414    2159        2159.0    -15.884179 -0.007357  -0.053177   0.040548                     False                     False  0.001701   0.000413   0.002998                      True                     False
    4    2025-2025   Logistic regression (ERA/wRC+ proxy)            0.02          2414    1911        1911.0      9.842347  0.005150  -0.046307   0.052168                     False                     False  0.001811   0.000426   0.003132                      True                     False
    4    2025-2025   Logistic regression (ERA/wRC+ proxy)            0.03          2414    1659        1659.0     23.030327  0.013882  -0.040991   0.064756                     False                     False  0.001918   0.000474   0.003399                      True                     False
    4    2025-2025   Logistic regression (ERA/wRC+ proxy)            0.05          2414    1215        1215.0     32.526383  0.026771  -0.036427   0.091460                     False                     False  0.002417   0.000707   0.003981                      True                     False
    4    2025-2025   Logistic regression (ERA/wRC+ proxy)            0.08          2414     673         673.0     13.353011  0.019841  -0.070963   0.110487                     False                     False  0.001352  -0.000862   0.003657                     False                     False
    4    2025-2025 Ensemble (stacked logistic regression)            0.01          2414    2149        2149.0      5.292711  0.002463  -0.047860   0.052778                     False                     False  0.002701   0.001450   0.003958                      True                     False
    4    2025-2025 Ensemble (stacked logistic regression)            0.02          2414    1881        1881.0      5.701504  0.003031  -0.048541   0.055480                     False                     False  0.002705   0.001329   0.004084                      True                     False
    4    2025-2025 Ensemble (stacked logistic regression)            0.03          2414    1642        1642.0     18.736527  0.011411  -0.047570   0.068983                     False                     False  0.002979   0.001539   0.004433                      True                     False
    4    2025-2025 Ensemble (stacked logistic regression)            0.05          2414    1208        1208.0     46.822939  0.038761  -0.026316   0.103873                     False                     False  0.003625   0.001912   0.005449                      True                     False
    4    2025-2025 Ensemble (stacked logistic regression)            0.08          2414     633         633.0     -7.590824 -0.011992  -0.108253   0.086845                     False                     False  0.003296   0.001150   0.005584                      True                     False
2026-07-08 23:10:21,501 INFO Warming player-sequence disk cache at C:\code\baseball\data\processed\sequence_cache
2026-07-08 23:11:33,120 INFO Cache warm took 71.6s (computed 0 new pitcher + 0 new batter sequences)
2026-07-08 23:12:11,207 INFO Warming player-sequence disk cache at C:\code\baseball\data\processed\sequence_cache
2026-07-08 23:13:09,040 INFO Cache warm took 57.8s (computed 0 new pitcher + 0 new batter sequences)
2026-07-08 23:13:21,047 INFO fold 5: train 2020-2024, val 2025-2025, test 2026-2026: 1261/1304 test games matched to betting_lines
2026-07-08 23:13:21,354 INFO === fold 5: train 2020-2024, val 2025-2025, test 2026-2026 betting results ===
 fold test_seasons                                 method  edge_threshold  n_candidates  n_bets  total_staked  total_profit       roi  roi_ci_lo  roi_ci_hi  roi_significant_positive  roi_significant_negative  mean_clv  clv_ci_lo  clv_ci_hi  clv_significant_positive  clv_significant_negative
    5    2026-2026                          GamePredictor            0.01          1261    1130        1130.0     33.886514  0.029988  -0.029992   0.092444                     False                     False  0.005610   0.004220   0.006908                      True                     False
    5    2026-2026                          GamePredictor            0.02          1261     980         980.0     56.026477  0.057170  -0.010132   0.126460                     False                     False  0.005886   0.004421   0.007368                      True                     False
    5    2026-2026                          GamePredictor            0.03          1261     837         837.0     33.965082  0.040580  -0.026629   0.113232                     False                     False  0.006885   0.005271   0.008374                      True                     False
    5    2026-2026                          GamePredictor            0.05          1261     626         626.0     27.857702  0.044501  -0.039671   0.131155                     False                     False  0.008063   0.006139   0.009819                      True                     False
    5    2026-2026                          GamePredictor            0.08          1261     327         327.0     20.907847  0.063938  -0.058899   0.179744                     False                     False  0.009290   0.006828   0.011962                      True                     False
    5    2026-2026   Logistic regression (ERA/wRC+ proxy)            0.01          1261    1108        1108.0     13.946258  0.012587  -0.047886   0.075170                     False                     False  0.003231   0.001793   0.004552                      True                     False
    5    2026-2026   Logistic regression (ERA/wRC+ proxy)            0.02          1261     967         967.0     -0.941574 -0.000974  -0.064558   0.069199                     False                     False  0.003549   0.002112   0.005040                      True                     False
    5    2026-2026   Logistic regression (ERA/wRC+ proxy)            0.03          1261     816         816.0      1.506825  0.001847  -0.074338   0.074745                     False                     False  0.004161   0.002615   0.005713                      True                     False
    5    2026-2026   Logistic regression (ERA/wRC+ proxy)            0.05          1261     559         559.0      5.901884  0.010558  -0.086672   0.105993                     False                     False  0.004152   0.002199   0.006055                      True                     False
    5    2026-2026   Logistic regression (ERA/wRC+ proxy)            0.08          1261     277         277.0     -2.344411 -0.008464  -0.146222   0.131410                     False                     False  0.005416   0.002434   0.008419                      True                     False
    5    2026-2026 Ensemble (stacked logistic regression)            0.01          1261    1105        1105.0    -12.460260 -0.011276  -0.075261   0.050397                     False                     False  0.005848   0.004539   0.007091                      True                     False
    5    2026-2026 Ensemble (stacked logistic regression)            0.02          1261     943         943.0     26.541763  0.028146  -0.035680   0.095493                     False                     False  0.006826   0.005400   0.008203                      True                     False
    5    2026-2026 Ensemble (stacked logistic regression)            0.03          1261     777         777.0     25.054522  0.032245  -0.047204   0.111867                     False                     False  0.007769   0.006234   0.009453                      True                     False
    5    2026-2026 Ensemble (stacked logistic regression)            0.05          1261     529         529.0     41.776994  0.078974  -0.016313   0.167286                     False                     False  0.008975   0.007088   0.010903                      True                     False
    5    2026-2026 Ensemble (stacked logistic regression)            0.08          1261     240         240.0     24.929582  0.103873  -0.034213   0.248294                     False                     False  0.011607   0.008517   0.014759                      True                     False
2026-07-08 23:13:21,370 INFO Ensemble (stacked logistic regression) @ edge>0.01 across 6 fold(s): 11687 total bets, pooled ROI=-0.0209, significant positive ROI in 0/6 fold(s), significant positive CLV in 6/6 fold(s)
2026-07-08 23:13:21,371 INFO Ensemble (stacked logistic regression) @ edge>0.02 across 6 fold(s): 10274 total bets, pooled ROI=-0.0156, significant positive ROI in 0/6 fold(s), significant positive CLV in 6/6 fold(s)
2026-07-08 23:13:21,371 INFO Ensemble (stacked logistic regression) @ edge>0.03 across 6 fold(s): 8971 total bets, pooled ROI=-0.0174, significant positive ROI in 0/6 fold(s), significant positive CLV in 6/6 fold(s)
2026-07-08 23:13:21,371 INFO Ensemble (stacked logistic regression) @ edge>0.05 across 6 fold(s): 6575 total bets, pooled ROI=-0.0029, significant positive ROI in 0/6 fold(s), significant positive CLV in 6/6 fold(s)
2026-07-08 23:13:21,371 INFO Ensemble (stacked logistic regression) @ edge>0.08 across 6 fold(s): 3593 total bets, pooled ROI=-0.0187, significant positive ROI in 0/6 fold(s), significant positive CLV in 6/6 fold(s)
2026-07-08 23:13:21,371 INFO GamePredictor @ edge>0.01 across 6 fold(s): 11835 total bets, pooled ROI=-0.0106, significant positive ROI in 0/6 fold(s), significant positive CLV in 5/6 fold(s)
2026-07-08 23:13:21,372 INFO GamePredictor @ edge>0.02 across 6 fold(s): 10493 total bets, pooled ROI=-0.0100, significant positive ROI in 0/6 fold(s), significant positive CLV in 5/6 fold(s)
2026-07-08 23:13:21,372 INFO GamePredictor @ edge>0.03 across 6 fold(s): 9257 total bets, pooled ROI=-0.0119, significant positive ROI in 0/6 fold(s), significant positive CLV in 5/6 fold(s)
2026-07-08 23:13:21,372 INFO GamePredictor @ edge>0.05 across 6 fold(s): 6990 total bets, pooled ROI=-0.0104, significant positive ROI in 0/6 fold(s), significant positive CLV in 5/6 fold(s)
2026-07-08 23:13:21,372 INFO GamePredictor @ edge>0.08 across 6 fold(s): 4109 total bets, pooled ROI=0.0095, significant positive ROI in 0/6 fold(s), significant positive CLV in 5/6 fold(s)
2026-07-08 23:13:21,372 INFO Logistic regression (ERA/wRC+ proxy) @ edge>0.01 across 6 fold(s): 11785 total bets, pooled ROI=-0.0185, significant positive ROI in 0/6 fold(s), significant positive CLV in 6/6 fold(s)
2026-07-08 23:13:21,373 INFO Logistic regression (ERA/wRC+ proxy) @ edge>0.02 across 6 fold(s): 10545 total bets, pooled ROI=-0.0171, significant positive ROI in 0/6 fold(s), significant positive CLV in 6/6 fold(s)
2026-07-08 23:13:21,373 INFO Logistic regression (ERA/wRC+ proxy) @ edge>0.03 across 6 fold(s): 9293 total bets, pooled ROI=-0.0169, significant positive ROI in 0/6 fold(s), significant positive CLV in 5/6 fold(s)
2026-07-08 23:13:21,373 INFO Logistic regression (ERA/wRC+ proxy) @ edge>0.05 across 6 fold(s): 6988 total bets, pooled ROI=-0.0276, significant positive ROI in 0/6 fold(s), significant positive CLV in 5/6 fold(s)
2026-07-08 23:13:21,373 INFO Logistic regression (ERA/wRC+ proxy) @ edge>0.08 across 6 fold(s): 4199 total bets, pooled ROI=-0.0232, significant positive ROI in 0/6 fold(s), significant positive CLV in 4/6 fold(s)
2026-07-08 23:13:21,373 INFO Wrote reports\betting_sim\betting_sim_results.csv
